{"C:\\Users\\Aluno\\Desktop\\Murilo - CT\\ProjetoIntegrador\\ProjetoIntegrador\\src\\Empresa.ts": {"path":"C:\\Users\\Aluno\\Desktop\\Murilo - CT\\ProjetoIntegrador\\ProjetoIntegrador\\src\\Empresa.ts","statementMap":{"0":{"start":{"line":12,"column":4},"end":{"line":12,"column":null}},"1":{"start":{"line":13,"column":4},"end":{"line":13,"column":null}},"2":{"start":{"line":14,"column":4},"end":{"line":14,"column":null}},"3":{"start":{"line":15,"column":4},"end":{"line":15,"column":null}},"4":{"start":{"line":16,"column":4},"end":{"line":16,"column":null}},"5":{"start":{"line":17,"column":4},"end":{"line":17,"column":null}},"6":{"start":{"line":22,"column":8},"end":{"line":22,"column":null}},"7":{"start":{"line":25,"column":4},"end":{"line":25,"column":null}},"8":{"start":{"line":28,"column":4},"end":{"line":28,"column":null}},"9":{"start":{"line":32,"column":4},"end":{"line":32,"column":null}},"10":{"start":{"line":36,"column":4},"end":{"line":36,"column":19}},"11":{"start":{"line":39,"column":4},"end":{"line":39,"column":null}},"12":{"start":{"line":42,"column":4},"end":{"line":42,"column":25}},"13":{"start":{"line":45,"column":4},"end":{"line":45,"column":null}},"14":{"start":{"line":48,"column":4},"end":{"line":48,"column":25}},"15":{"start":{"line":51,"column":4},"end":{"line":51,"column":null}},"16":{"start":{"line":54,"column":3},"end":{"line":54,"column":null}},"17":{"start":{"line":59,"column":4},"end":{"line":59,"column":null}},"18":{"start":{"line":60,"column":4},"end":{"line":60,"column":null}},"19":{"start":{"line":61,"column":4},"end":{"line":61,"column":null}},"20":{"start":{"line":62,"column":4},"end":{"line":62,"column":null}},"21":{"start":{"line":63,"column":4},"end":{"line":63,"column":null}},"22":{"start":{"line":1,"column":1},"end":{"line":1,"column":14}},"23":{"start":{"line":69,"column":17},"end":{"line":69,"column":null}}},"fnMap":{"0":{"name":"(anonymous_0)","decl":{"start":{"line":10,"column":4},"end":{"line":10,"column":17}},"loc":{"start":{"line":10,"column":94},"end":{"line":19,"column":5}}},"1":{"name":"(anonymous_1)","decl":{"start":{"line":21,"column":11},"end":{"line":21,"column":18}},"loc":{"start":{"line":21,"column":18},"end":{"line":23,"column":5}}},"2":{"name":"(anonymous_2)","decl":{"start":{"line":24,"column":10},"end":{"line":24,"column":17}},"loc":{"start":{"line":24,"column":17},"end":{"line":26,"column":4}}},"3":{"name":"(anonymous_3)","decl":{"start":{"line":27,"column":10},"end":{"line":27,"column":17}},"loc":{"start":{"line":27,"column":30},"end":{"line":29,"column":4}}},"4":{"name":"(anonymous_4)","decl":{"start":{"line":30,"column":10},"end":{"line":30,"column":16}},"loc":{"start":{"line":30,"column":16},"end":{"line":34,"column":4}}},"5":{"name":"(anonymous_5)","decl":{"start":{"line":35,"column":10},"end":{"line":35,"column":16}},"loc":{"start":{"line":35,"column":28},"end":{"line":37,"column":4}}},"6":{"name":"(anonymous_6)","decl":{"start":{"line":38,"column":10},"end":{"line":38,"column":19}},"loc":{"start":{"line":38,"column":19},"end":{"line":40,"column":4}}},"7":{"name":"(anonymous_7)","decl":{"start":{"line":41,"column":10},"end":{"line":41,"column":19}},"loc":{"start":{"line":41,"column":34},"end":{"line":43,"column":4}}},"8":{"name":"(anonymous_8)","decl":{"start":{"line":44,"column":10},"end":{"line":44,"column":19}},"loc":{"start":{"line":44,"column":19},"end":{"line":46,"column":4}}},"9":{"name":"(anonymous_9)","decl":{"start":{"line":47,"column":10},"end":{"line":47,"column":19}},"loc":{"start":{"line":47,"column":33},"end":{"line":49,"column":4}}},"10":{"name":"(anonymous_10)","decl":{"start":{"line":50,"column":10},"end":{"line":50,"column":20}},"loc":{"start":{"line":50,"column":20},"end":{"line":52,"column":4}}},"11":{"name":"(anonymous_11)","decl":{"start":{"line":53,"column":10},"end":{"line":53,"column":20}},"loc":{"start":{"line":53,"column":39},"end":{"line":56,"column":4}}},"12":{"name":"(anonymous_12)","decl":{"start":{"line":58,"column":3},"end":{"line":58,"column":13}},"loc":{"start":{"line":58,"column":13},"end":{"line":65,"column":4}}}},"branchMap":{},"s":{"0":2,"1":2,"2":2,"3":2,"4":2,"5":2,"6":0,"7":0,"8":0,"9":0,"10":0,"11":0,"12":0,"13":0,"14":0,"15":0,"16":0,"17":0,"18":0,"19":0,"20":0,"21":0,"22":1,"23":1},"f":{"0":2,"1":0,"2":0,"3":0,"4":0,"5":0,"6":0,"7":0,"8":0,"9":0,"10":0,"11":0,"12":0},"b":{}}
}
